AndroidIM-master/AndroidIM/build/outputs/logs/manifest-merger-debug-report.txt
-- Merging decision tree log ---
manifest
ADDED from src\main\AndroidManifest.xml:1:1-60:12
	package
		ADDED from src\main\AndroidManifest.xml:2:5-33
		INJECTED from src\main\AndroidManifest.xml
		INJECTED from src\main\AndroidManifest.xml
	android:versionName
		ADDED from src\main\AndroidManifest.xml:4:5-30
		INJECTED from src\main\AndroidManifest.xml
		INJECTED from src\main\AndroidManifest.xml
	android:versionCode
		ADDED from src\main\AndroidManifest.xml:3:5-28
		INJECTED from src\main\AndroidManifest.xml
		INJECTED from src\main\AndroidManifest.xml
	xmlns:android
		ADDED from src\main\AndroidManifest.xml:1:11-69
uses-sdk
ADDED from src\main\AndroidManifest.xml:6:5-8:41
	android:targetSdkVersion
		ADDED from src\main\AndroidManifest.xml:8:9-38
		INJECTED from src\main\AndroidManifest.xml
		INJECTED from src\main\AndroidManifest.xml
	android:minSdkVersion
		ADDED from src\main\AndroidManifest.xml:7:9-34
		INJECTED from src\main\AndroidManifest.xml
		INJECTED from src\main\AndroidManifest.xml
uses-permission#android.permission.INTERNET
ADDED from src\main\AndroidManifest.xml:10:5-67
	android:name
		ADDED from src\main\AndroidManifest.xml:10:22-64
uses-permission#android.permission.ACCESS_WIFI_STATE
ADDED from src\main\AndroidManifest.xml:11:2-72
	android:name
		ADDED from src\main\AndroidManifest.xml:11:19-70
uses-permission#android.permission.ACCESS_NETWORK_STATE
ADDED from src\main\AndroidManifest.xml:12:2-75
	android:name
		ADDED from src\main\AndroidManifest.xml:12:19-73
application
ADDED from src\main\AndroidManifest.xml:14:5-57:15
	android:label
		ADDED from src\main\AndroidManifest.xml:17:9-41
	android:allowBackup
		ADDED from src\main\AndroidManifest.xml:15:9-35
	android:icon
		ADDED from src\main\AndroidManifest.xml:16:9-45
	android:theme
		ADDED from src\main\AndroidManifest.xml:18:9-40
activity#at.vcity.androidim.FriendList
ADDED from src\main\AndroidManifest.xml:19:5-26:14
	android:name
		ADDED from src\main\AndroidManifest.xml:19:15-41
intent-filter#android.intent.action.MAIN+android.intent.category.NORMAL
ADDED from src\main\AndroidManifest.xml:20:4-25:20
action#android.intent.action.MAIN
ADDED from src\main\AndroidManifest.xml:21:5-64
	android:name
		ADDED from src\main\AndroidManifest.xml:21:13-54
category#android.intent.category.NORMAL
ADDED from src\main\AndroidManifest.xml:22:5-24:16
	android:name
		ADDED from src\main\AndroidManifest.xml:23:6-51
service#at.vcity.androidim.services.IMService
ADDED from src\main\AndroidManifest.xml:27:3-57
	android:name
		ADDED from src\main\AndroidManifest.xml:27:12-46
activity#at.vcity.androidim.SignUp
ADDED from src\main\AndroidManifest.xml:28:3-34:14
	android:name
		ADDED from src\main\AndroidManifest.xml:28:13-35
intent-filter#android.intent.action.MAIN+android.intent.category.LAUNCHER
ADDED from src\main\AndroidManifest.xml:29:4-33:20
category#android.intent.category.LAUNCHER
ADDED from src\main\AndroidManifest.xml:31:5-32:16
	android:name
		ADDED from src\main\AndroidManifest.xml:31:15-62
activity#at.vcity.androidim.Messaging
ADDED from src\main\AndroidManifest.xml:35:3-42:14
	android:name
		ADDED from src\main\AndroidManifest.xml:35:13-38
activity#at.vcity.androidim.Login
ADDED from src\main\AndroidManifest.xml:45:2-48:12
	android:name
		ADDED from src\main\AndroidManifest.xml:45:12-33
activity#at.vcity.androidim.AddFriend
ADDED from src\main\AndroidManifest.xml:49:1-52:12
	android:name
		ADDED from src\main\AndroidManifest.xml:49:11-36
activity#at.vcity.androidim.UnApprovedFriendList
ADDED from src\main\AndroidManifest.xml:53:1-56:12
	android:name
		ADDED from src\main\AndroidManifest.xml:53:11-47